Arguments: 
  D:\nodejs\node.exe D:\Program Files (x86)\Yarn\bin\yarn.js add @actions/cate --silent --no-progress

PATH: 
  D:\nvm\v8.9.1\node_modules\npm\bin\node-gyp-bin;E:\a_taro\taro-jxmaxx\node_modules\.bin;D:\nvm\v8.9.1\node_modules\npm\bin\node-gyp-bin;E:\a_taro\taro-jxmaxx\node_modules\.bin;C:\Windows\system32;C:\Windows;C:\Windows\System32\Wbem;C:\Windows\System32\WindowsPowerShell\v1.0\;C:\Program Files (x86)\ATI Technologies\ATI.ACE\Core-Static;C:\Program Files\Calibre2\;D:\apache-ant-1.9.4\bin;C:\Users\Administrator\AppData\Local\Android\Sdk\tools;C:\Program Files\Microsoft SQL Server\110\Tools\Binn\;D:\Program Files (x86)\Deployd\bin;C:\Program Files\MongoDB\Server\3.4\bin;D:\Program Files (x86)\Yarn\bin;D:\nvm;D:\nodejs;E:\phpStudy\\PHPTutorial\php\php-7.2.1-nts;C:\ProgramData\ComposerSetup\bin;E:\phpStudy\PHPTutorial\MySQL\bin;C:\Program Files\Redis;D:\Program Files\Git\cmd;D:\apache-ant-1.9.4\bin;C:\Users\Administrator\AppData\Roaming\npm;C:\Users\Administrator\AppData\Local\Yarn\bin;D:\nvm;D:\nodejs;E:\phpStudy\PHPTutorial\tools\composer;C:\Users\Administrator\AppData\Roaming\Composer\vendor\bin;C:\Program Files\Redis;D:\Program Files (x86)\Microsoft VS Code\bin;C:\Users\admin\AppData\Local\Programs\Microsoft VS Code\bin;D:\Program Files (x86)\Fiddler

Yarn version: 
  1.3.2

Node version: 
  8.9.1

Platform: 
  win32 x64

npm manifest: 
  {
    "name": "taro-jxmaxx",
    "version": "1.0.0",
    "private": true,
    "description": "taro-jxmaxx",
    "templateInfo": {
      "name": "default",
      "typescript": false,
      "css": "sass"
    },
    "scripts": {
      "build:weapp": "taro build --type weapp",
      "build:swan": "taro build --type swan",
      "build:alipay": "taro build --type alipay",
      "build:tt": "taro build --type tt",
      "build:h5": "taro build --type h5",
      "build:rn": "taro build --type rn",
      "build:qq": "taro build --type qq",
      "build:quickapp": "taro build --type quickapp",
      "dev:weapp": "npm run build:weapp -- --watch",
      "dev:swan": "npm run build:swan -- --watch",
      "dev:alipay": "npm run build:alipay -- --watch",
      "dev:tt": "npm run build:tt -- --watch",
      "dev:h5": "npm run build:h5 -- --watch",
      "dev:rn": "npm run build:rn -- --watch",
      "dev:qq": "npm run build:qq -- --watch",
      "dev:quickapp": "npm run build:quickapp -- --watch"
    },
    "author": "",
    "license": "MIT",
    "dependencies": {
      "@tarojs/async-await": "1.3.29",
      "@tarojs/components": "1.3.29",
      "@tarojs/components-qa": "1.3.29",
      "@tarojs/redux": "1.3.29",
      "@tarojs/redux-h5": "1.3.29",
      "@tarojs/router": "1.3.29",
      "@tarojs/taro": "1.3.29",
      "@tarojs/taro-alipay": "1.3.29",
      "@tarojs/taro-h5": "1.3.29",
      "@tarojs/taro-qq": "1.3.29",
      "@tarojs/taro-quickapp": "1.3.29",
      "@tarojs/taro-swan": "1.3.29",
      "@tarojs/taro-tt": "1.3.29",
      "@tarojs/taro-weapp": "1.3.29",
      "@tarojs/taro-rn": "1.3.29",
      "classnames": "^2.2.6",
      "nervjs": "^1.5.5",
      "nerv-devtools": "^1.5.5",
      "redux": "^4.0.0",
      "redux-logger": "^3.0.6",
      "redux-thunk": "^2.3.0"
    },
    "devDependencies": {
      "@types/react": "^16.4.8",
      "@types/webpack-env": "^1.13.6",
      "@tarojs/plugin-babel": "1.3.29",
      "@tarojs/plugin-csso": "1.3.29",
      "@tarojs/plugin-sass": "1.3.29",
      "@tarojs/plugin-uglifyjs": "1.3.29",
      "@tarojs/webpack-runner": "1.3.29",
      "babel-plugin-transform-class-properties": "^6.24.1",
      "babel-plugin-transform-decorators-legacy": "^1.3.4",
      "babel-plugin-transform-jsx-stylesheet": "^0.6.5",
      "babel-plugin-transform-object-rest-spread": "^6.26.0",
      "babel-preset-env": "^1.6.1",
      "babel-eslint": "^8.2.3",
      "eslint": "^5.16.0",
      "eslint-config-taro": "1.3.29",
      "eslint-plugin-react": "^7.8.2",
      "eslint-plugin-react-hooks": "^1.6.1",
      "eslint-plugin-import": "^2.12.0",
      "prettier": "^1.19.1",
      "stylelint": "9.3.0",
      "stylelint-config-taro-rn": "1.3.29",
      "stylelint-taro-rn": "1.3.29",
      "eslint-plugin-taro": "1.3.29"
    }
  }

yarn manifest: 
  No manifest

Lockfile: 
  No lockfile

Trace: 
  Error: https://registry.npmjs.org/@actions%2fcate: Not found
      at Request.params.callback [as _callback] (D:\Program Files (x86)\Yarn\lib\cli.js:62098:18)
      at Request.self.callback (D:\Program Files (x86)\Yarn\lib\cli.js:123085:22)
      at emitTwo (events.js:126:13)
      at Request.emit (events.js:214:7)
      at Request.<anonymous> (D:\Program Files (x86)\Yarn\lib\cli.js:124068:10)
      at emitOne (events.js:116:13)
      at Request.emit (events.js:211:7)
      at IncomingMessage.<anonymous> (D:\Program Files (x86)\Yarn\lib\cli.js:123988:12)
      at Object.onceWrapper (events.js:313:30)
      at emitNone (events.js:111:20)
